{"C:\\Users\\Piemontez\\Documents\\Desenvolvimento\\todo-nuxt3\\src\\store\\modules\\todo\\actions.ts": {"path":"C:\\Users\\Piemontez\\Documents\\Desenvolvimento\\todo-nuxt3\\src\\store\\modules\\todo\\actions.ts","all":false,"statementMap":{"0":{"start":{"line":1,"column":0},"end":{"line":1,"column":36}},"1":{"start":{"line":2,"column":0},"end":{"line":2,"column":35}},"2":{"start":{"line":3,"column":0},"end":{"line":3,"column":72}},"3":{"start":{"line":4,"column":0},"end":{"line":4,"column":34}},"4":{"start":{"line":5,"column":0},"end":{"line":5,"column":0}},"5":{"start":{"line":6,"column":0},"end":{"line":6,"column":59}},"6":{"start":{"line":7,"column":0},"end":{"line":7,"column":27}},"7":{"start":{"line":8,"column":0},"end":{"line":8,"column":0}},"8":{"start":{"line":9,"column":0},"end":{"line":9,"column":40}},"9":{"start":{"line":10,"column":0},"end":{"line":10,"column":22}},"10":{"start":{"line":11,"column":0},"end":{"line":11,"column":29}},"11":{"start":{"line":12,"column":0},"end":{"line":12,"column":9}},"12":{"start":{"line":13,"column":0},"end":{"line":13,"column":14}},"13":{"start":{"line":14,"column":0},"end":{"line":14,"column":18}},"14":{"start":{"line":15,"column":0},"end":{"line":15,"column":28}},"15":{"start":{"line":16,"column":0},"end":{"line":16,"column":28}},"16":{"start":{"line":17,"column":0},"end":{"line":17,"column":6}},"17":{"start":{"line":18,"column":0},"end":{"line":18,"column":32}},"18":{"start":{"line":19,"column":0},"end":{"line":19,"column":3}},"19":{"start":{"line":20,"column":0},"end":{"line":20,"column":0}},"20":{"start":{"line":21,"column":0},"end":{"line":21,"column":40}},"21":{"start":{"line":22,"column":0},"end":{"line":22,"column":63}},"22":{"start":{"line":23,"column":0},"end":{"line":23,"column":3}},"23":{"start":{"line":24,"column":0},"end":{"line":24,"column":0}},"24":{"start":{"line":25,"column":0},"end":{"line":25,"column":60}},"25":{"start":{"line":26,"column":0},"end":{"line":26,"column":72}},"26":{"start":{"line":27,"column":0},"end":{"line":27,"column":23}},"27":{"start":{"line":28,"column":0},"end":{"line":28,"column":28}},"28":{"start":{"line":29,"column":0},"end":{"line":29,"column":30}},"29":{"start":{"line":30,"column":0},"end":{"line":30,"column":18}},"30":{"start":{"line":31,"column":0},"end":{"line":31,"column":29}},"31":{"start":{"line":32,"column":0},"end":{"line":32,"column":8}},"32":{"start":{"line":33,"column":0},"end":{"line":33,"column":5}},"33":{"start":{"line":34,"column":0},"end":{"line":34,"column":3}},"34":{"start":{"line":35,"column":0},"end":{"line":35,"column":0}},"35":{"start":{"line":36,"column":0},"end":{"line":36,"column":10}},"36":{"start":{"line":37,"column":0},"end":{"line":37,"column":8}},"37":{"start":{"line":38,"column":0},"end":{"line":38,"column":11}},"38":{"start":{"line":39,"column":0},"end":{"line":39,"column":11}},"39":{"start":{"line":40,"column":0},"end":{"line":40,"column":4}},"40":{"start":{"line":41,"column":0},"end":{"line":41,"column":3}}},"s":{"0":1,"1":1,"2":1,"3":1,"4":1,"5":1,"6":1,"7":1,"8":1,"9":5,"10":5,"11":5,"12":5,"13":5,"14":5,"15":5,"16":5,"17":5,"18":5,"19":1,"20":1,"21":1,"22":1,"23":1,"24":1,"25":2,"26":2,"27":2,"28":2,"29":2,"30":2,"31":2,"32":2,"33":2,"34":1,"35":1,"36":1,"37":1,"38":1,"39":1,"40":1},"branchMap":{"0":{"type":"branch","line":6,"loc":{"start":{"line":6,"column":52},"end":{"line":41,"column":3}},"locations":[{"start":{"line":6,"column":52},"end":{"line":41,"column":3}}]},"1":{"type":"branch","line":9,"loc":{"start":{"line":9,"column":14},"end":{"line":19,"column":3}},"locations":[{"start":{"line":9,"column":14},"end":{"line":19,"column":3}}]},"2":{"type":"branch","line":21,"loc":{"start":{"line":21,"column":17},"end":{"line":23,"column":3}},"locations":[{"start":{"line":21,"column":17},"end":{"line":23,"column":3}}]},"3":{"type":"branch","line":22,"loc":{"start":{"line":22,"column":37},"end":{"line":22,"column":61}},"locations":[{"start":{"line":22,"column":37},"end":{"line":22,"column":61}}]},"4":{"type":"branch","line":25,"loc":{"start":{"line":25,"column":17},"end":{"line":34,"column":3}},"locations":[{"start":{"line":25,"column":17},"end":{"line":34,"column":3}}]},"5":{"type":"branch","line":26,"loc":{"start":{"line":26,"column":40},"end":{"line":26,"column":70}},"locations":[{"start":{"line":26,"column":40},"end":{"line":26,"column":70}}]}},"b":{"0":[1],"1":[5],"2":[1],"3":[1],"4":[2],"5":[2]},"fnMap":{"0":{"name":"add","decl":{"start":{"line":9,"column":14},"end":{"line":19,"column":3}},"loc":{"start":{"line":9,"column":14},"end":{"line":19,"column":3}},"line":9},"1":{"name":"remove","decl":{"start":{"line":21,"column":17},"end":{"line":23,"column":3}},"loc":{"start":{"line":21,"column":17},"end":{"line":23,"column":3}},"line":21},"2":{"name":"update","decl":{"start":{"line":25,"column":17},"end":{"line":34,"column":3}},"loc":{"start":{"line":25,"column":17},"end":{"line":34,"column":3}},"line":25}},"f":{"0":5,"1":1,"2":2}}
,"C:\\Users\\Piemontez\\Documents\\Desenvolvimento\\todo-nuxt3\\src\\store\\modules\\todo\\getters.ts": {"path":"C:\\Users\\Piemontez\\Documents\\Desenvolvimento\\todo-nuxt3\\src\\store\\modules\\todo\\getters.ts","all":false,"statementMap":{"0":{"start":{"line":1,"column":0},"end":{"line":1,"column":36}},"1":{"start":{"line":2,"column":0},"end":{"line":2,"column":35}},"2":{"start":{"line":3,"column":0},"end":{"line":3,"column":51}},"3":{"start":{"line":4,"column":0},"end":{"line":4,"column":0}},"4":{"start":{"line":5,"column":0},"end":{"line":5,"column":59}},"5":{"start":{"line":6,"column":0},"end":{"line":6,"column":27}},"6":{"start":{"line":7,"column":0},"end":{"line":7,"column":0}},"7":{"start":{"line":8,"column":0},"end":{"line":8,"column":57}},"8":{"start":{"line":9,"column":0},"end":{"line":9,"column":54}},"9":{"start":{"line":10,"column":0},"end":{"line":10,"column":3}},"10":{"start":{"line":11,"column":0},"end":{"line":11,"column":0}},"11":{"start":{"line":12,"column":0},"end":{"line":12,"column":40}},"12":{"start":{"line":13,"column":0},"end":{"line":13,"column":33}},"13":{"start":{"line":14,"column":0},"end":{"line":14,"column":81}},"14":{"start":{"line":15,"column":0},"end":{"line":15,"column":6}},"15":{"start":{"line":16,"column":0},"end":{"line":16,"column":3}},"16":{"start":{"line":17,"column":0},"end":{"line":17,"column":0}},"17":{"start":{"line":18,"column":0},"end":{"line":18,"column":10}},"18":{"start":{"line":19,"column":0},"end":{"line":19,"column":16}},"19":{"start":{"line":20,"column":0},"end":{"line":20,"column":19}},"20":{"start":{"line":21,"column":0},"end":{"line":21,"column":4}},"21":{"start":{"line":22,"column":0},"end":{"line":22,"column":3}}},"s":{"0":1,"1":1,"2":1,"3":1,"4":1,"5":1,"6":1,"7":1,"8":3,"9":3,"10":1,"11":1,"12":1,"13":1,"14":1,"15":1,"16":1,"17":1,"18":1,"19":1,"20":1,"21":1},"branchMap":{"0":{"type":"branch","line":5,"loc":{"start":{"line":5,"column":52},"end":{"line":22,"column":3}},"locations":[{"start":{"line":5,"column":52},"end":{"line":22,"column":3}}]},"1":{"type":"branch","line":8,"loc":{"start":{"line":8,"column":22},"end":{"line":10,"column":3}},"locations":[{"start":{"line":8,"column":22},"end":{"line":10,"column":3}}]},"2":{"type":"branch","line":9,"loc":{"start":{"line":9,"column":28},"end":{"line":9,"column":52}},"locations":[{"start":{"line":9,"column":28},"end":{"line":9,"column":52}}]},"3":{"type":"branch","line":12,"loc":{"start":{"line":12,"column":25},"end":{"line":16,"column":3}},"locations":[{"start":{"line":12,"column":25},"end":{"line":16,"column":3}}]},"4":{"type":"branch","line":14,"loc":{"start":{"line":14,"column":6},"end":{"line":14,"column":81}},"locations":[{"start":{"line":14,"column":6},"end":{"line":14,"column":81}}]}},"b":{"0":[1],"1":[3],"2":[3],"3":[1],"4":[6]},"fnMap":{"0":{"name":"getTodoById","decl":{"start":{"line":8,"column":22},"end":{"line":10,"column":3}},"loc":{"start":{"line":8,"column":22},"end":{"line":10,"column":3}},"line":8},"1":{"name":"getSortedTodos","decl":{"start":{"line":12,"column":25},"end":{"line":16,"column":3}},"loc":{"start":{"line":12,"column":25},"end":{"line":16,"column":3}},"line":12}},"f":{"0":3,"1":1}}
,"C:\\Users\\Piemontez\\Documents\\Desenvolvimento\\todo-nuxt3\\src\\store\\modules\\todo\\state.ts": {"path":"C:\\Users\\Piemontez\\Documents\\Desenvolvimento\\todo-nuxt3\\src\\store\\modules\\todo\\state.ts","all":false,"statementMap":{"0":{"start":{"line":1,"column":0},"end":{"line":1,"column":36}},"1":{"start":{"line":2,"column":0},"end":{"line":2,"column":56}},"2":{"start":{"line":3,"column":0},"end":{"line":3,"column":0}},"3":{"start":{"line":4,"column":0},"end":{"line":4,"column":37}},"4":{"start":{"line":5,"column":0},"end":{"line":5,"column":17}},"5":{"start":{"line":6,"column":0},"end":{"line":6,"column":0}},"6":{"start":{"line":7,"column":0},"end":{"line":7,"column":27}},"7":{"start":{"line":8,"column":0},"end":{"line":8,"column":12}},"8":{"start":{"line":9,"column":0},"end":{"line":9,"column":16}},"9":{"start":{"line":10,"column":0},"end":{"line":10,"column":5}},"10":{"start":{"line":11,"column":0},"end":{"line":11,"column":3}},"11":{"start":{"line":12,"column":0},"end":{"line":12,"column":3}}},"s":{"0":1,"1":1,"2":1,"3":1,"4":1,"5":1,"6":1,"7":9,"8":9,"9":9,"10":9,"11":1},"branchMap":{"0":{"type":"branch","line":7,"loc":{"start":{"line":7,"column":9},"end":{"line":11,"column":3}},"locations":[{"start":{"line":7,"column":9},"end":{"line":11,"column":3}}]}},"b":{"0":[9]},"fnMap":{"0":{"name":"state","decl":{"start":{"line":7,"column":9},"end":{"line":11,"column":3}},"loc":{"start":{"line":7,"column":9},"end":{"line":11,"column":3}},"line":7}},"f":{"0":9}}
}
